2026-04-04 14:20:15,575 [WARNING] Privileged message content intent is missing, commands may not work as expected.
2026-04-04 14:20:15,576 [INFO] logging in using static token
2026-04-04 14:20:16,435 [INFO] Глобальная синхронизация slash-команд: 4 шт. Появление в серверах Discord может занять до ~1 часа.
2026-04-04 14:20:16,436 [INFO] Имена команд: ['animeadd', 'connectmyanimelist', 'rateanime', 'checkanimelist']
2026-04-04 14:20:16,943 [INFO] Shard ID None has connected to Gateway (Session ID: 662565ac00fd1ea0698ff1291d14acb1).
2026-04-04 14:23:58,320 [WARNING] Privileged message content intent is missing, commands may not work as expected.
2026-04-04 14:23:58,320 [INFO] logging in using static token
2026-04-04 14:23:59,158 [INFO] Глобальная синхронизация slash-команд: 4 шт. Появление в серверах Discord может занять до ~1 часа.
2026-04-04 14:23:59,159 [INFO] Имена команд: ['animeadd', 'connectmyanimelist', 'rateanime', 'checkanimelist']
2026-04-04 14:23:59,891 [INFO] Shard ID None has connected to Gateway (Session ID: f1d2f91e765c93fa9c9f7c71d2880baa).
2026-04-04 14:25:24,795 [WARNING] Privileged message content intent is missing, commands may not work as expected.
2026-04-04 14:25:24,795 [INFO] logging in using static token
2026-04-04 14:27:10,065 [WARNING] Privileged message content intent is missing, commands may not work as expected.
2026-04-04 14:27:10,065 [INFO] logging in using static token
2026-04-04 14:27:10,810 [INFO] Глобальная синхронизация slash-команд: 4 шт. Появление в серверах Discord может занять до ~1 часа.
2026-04-04 14:27:10,810 [INFO] Имена команд: ['animeadd', 'connectmyanimelist', 'rateanime', 'checkanimelist']
2026-04-04 14:27:11,302 [INFO] Shard ID None has connected to Gateway (Session ID: 59777fb817952d370aa74a10f2c0aba6).
2026-04-04 14:27:13,318 [INFO] Бот онлайн: YTWUTSHYBOT#7255 (1472748937952755940)
2026-04-04 14:30:02,196 [WARNING] Privileged message content intent is missing, commands may not work as expected.
2026-04-04 14:30:02,196 [INFO] logging in using static token
2026-04-04 14:30:02,908 [INFO] Slash-команды на сервере 1393405246880878693 (4): ['animeadd', 'connectmyanimelist', 'rateanime', 'checkanimelist']
2026-04-04 14:30:03,418 [INFO] Shard ID None has connected to Gateway (Session ID: 4ba90e9eddf7e8ff62d05813b2dec941).
2026-04-04 14:30:05,422 [INFO] Бот онлайн: YTWUTSHYBOT#7255 (1472748937952755940)
2026-04-04 14:45:17,237 [WARNING] Privileged message content intent is missing, commands may not work as expected.
2026-04-04 14:45:17,237 [INFO] logging in using static token
2026-04-04 14:45:18,034 [INFO] Slash-команды на сервере 1393405246880878693 (4): ['animeadd', 'connectmyanimelist', 'rateanime', 'checkanimelist']
2026-04-04 14:45:18,960 [INFO] Shard ID None has connected to Gateway (Session ID: 81ab1c560d67aabaa31e0f860994886e).
2026-04-04 14:45:20,977 [INFO] Бот онлайн: YTWUTSHYBOT#7255 (1472748937952755940)
2026-04-04 15:09:16,961 [WARNING] Privileged message content intent is missing, commands may not work as expected.
2026-04-04 15:09:16,962 [INFO] logging in using static token
2026-04-04 15:09:17,652 [INFO] Slash-команды на сервере 1393405246880878693 (5): ['animeadd', 'connectmyanimelist', 'rateanime', 'checkanimelist', 'checkduplicates']
2026-04-04 15:09:18,380 [INFO] Shard ID None has connected to Gateway (Session ID: ffb06d1bae61cf590d7ccd27e6efd9f6).
2026-04-04 15:09:20,393 [INFO] Бот онлайн: YTWUTSHYBOT#7255 (1472748937952755940)
2026-04-04 15:10:58,855 [ERROR] Ignoring exception in command 'animeadd'
Traceback (most recent call last):
  File "C:\Users\denve\AppData\Local\Programs\Python\Python313\Lib\asyncio\windows_events.py", line 463, in finish_socket_func
    return ov.getresult()
           ~~~~~~~~~~~~^^
OSError: [WinError 64] The specified network name is no longer available

During handling of the above exception, another exception occurred:

Traceback (most recent call last):
  File "C:\Users\denve\AppData\Local\Programs\Python\Python313\Lib\site-packages\aiohttp\connector.py", line 1313, in _wrap_create_connection
    return await self._loop.create_connection(*args, **kwargs, sock=sock)
           ^^^^^^^^^^^^^^^^^^^^^^^^^^^^^^^^^^^^^^^^^^^^^^^^^^^^^^^^^^^^^^
  File "C:\Users\denve\AppData\Local\Programs\Python\Python313\Lib\asyncio\base_events.py", line 1193, in create_connection
    transport, protocol = await self._create_connection_transport(
                          ^^^^^^^^^^^^^^^^^^^^^^^^^^^^^^^^^^^^^^^^
    ...<2 lines>...
        ssl_shutdown_timeout=ssl_shutdown_timeout)
        ^^^^^^^^^^^^^^^^^^^^^^^^^^^^^^^^^^^^^^^^^^
  File "C:\Users\denve\AppData\Local\Programs\Python\Python313\Lib\asyncio\base_events.py", line 1226, in _create_connection_transport
    await waiter
  File "C:\Users\denve\AppData\Local\Programs\Python\Python313\Lib\asyncio\proactor_events.py", line 286, in _loop_reading
    length = fut.result()
  File "C:\Users\denve\AppData\Local\Programs\Python\Python313\Lib\asyncio\windows_events.py", line 804, in _poll
    value = callback(transferred, key, ov)
  File "C:\Users\denve\AppData\Local\Programs\Python\Python313\Lib\asyncio\windows_events.py", line 467, in finish_socket_func
    raise ConnectionResetError(*exc.args)
ConnectionResetError: [WinError 64] The specified network name is no longer available

The above exception was the direct cause of the following exception:

Traceback (most recent call last):
  File "C:\Users\denve\AppData\Local\Programs\Python\Python313\Lib\site-packages\discord\app_commands\commands.py", line 858, in _do_call
    return await self._callback(interaction, **params)  # type: ignore
           ^^^^^^^^^^^^^^^^^^^^^^^^^^^^^^^^^^^^^^^^^^^
  File "C:\Users\denve\OneDrive\Desktop\yummyani-discord-bot - Copy (2)\bot.py", line 1301, in animeadd
    thread, _starter, err = await create_yummy_forum_thread(
                            ^^^^^^^^^^^^^^^^^^^^^^^^^^^^^^^^
        ch, bot.session, info, uid, mal_id=None
        ^^^^^^^^^^^^^^^^^^^^^^^^^^^^^^^^^^^^^^^
    )
    ^
  File "C:\Users\denve\OneDrive\Desktop\yummyani-discord-bot - Copy (2)\bot.py", line 848, in create_yummy_forum_thread
    files, dl_warnings = await build_attachment_files(
                         ^^^^^^^^^^^^^^^^^^^^^^^^^^^^^
        session, poster_url, shot_urls if isinstance(shot_urls, list) else []
        ^^^^^^^^^^^^^^^^^^^^^^^^^^^^^^^^^^^^^^^^^^^^^^^^^^^^^^^^^^^^^^^^^^^^^
    )
    ^
  File "C:\Users\denve\OneDrive\Desktop\yummyani-discord-bot - Copy (2)\bot.py", line 324, in build_attachment_files
    results = await asyncio.gather(*[grab(n, u) for n, u in tasks])
              ^^^^^^^^^^^^^^^^^^^^^^^^^^^^^^^^^^^^^^^^^^^^^^^^^^^^^
  File "C:\Users\denve\OneDrive\Desktop\yummyani-discord-bot - Copy (2)\bot.py", line 321, in grab
    data = await download_image(session, url)
           ^^^^^^^^^^^^^^^^^^^^^^^^^^^^^^^^^^
  File "C:\Users\denve\OneDrive\Desktop\yummyani-discord-bot - Copy (2)\bot.py", line 289, in download_image
    async with session.get(url) as resp:
               ~~~~~~~~~~~^^^^^
  File "C:\Users\denve\AppData\Local\Programs\Python\Python313\Lib\site-packages\aiohttp\client.py", line 1510, in __aenter__
    self._resp: _RetType = await self._coro
                           ^^^^^^^^^^^^^^^^
  File "C:\Users\denve\AppData\Local\Programs\Python\Python313\Lib\site-packages\aiohttp\client.py", line 779, in _request
    resp = await handler(req)
           ^^^^^^^^^^^^^^^^^^
  File "C:\Users\denve\AppData\Local\Programs\Python\Python313\Lib\site-packages\aiohttp\client.py", line 734, in _connect_and_send_request
    conn = await self._connector.connect(
           ^^^^^^^^^^^^^^^^^^^^^^^^^^^^^^
        req, traces=traces, timeout=real_timeout
        ^^^^^^^^^^^^^^^^^^^^^^^^^^^^^^^^^^^^^^^^
    )
    ^
  File "C:\Users\denve\AppData\Local\Programs\Python\Python313\Lib\site-packages\aiohttp\connector.py", line 672, in connect
    proto = await self._create_connection(req, traces, timeout)
            ^^^^^^^^^^^^^^^^^^^^^^^^^^^^^^^^^^^^^^^^^^^^^^^^^^^
  File "C:\Users\denve\AppData\Local\Programs\Python\Python313\Lib\site-packages\aiohttp\connector.py", line 1239, in _create_connection
    _, proto = await self._create_direct_connection(req, traces, timeout)
               ^^^^^^^^^^^^^^^^^^^^^^^^^^^^^^^^^^^^^^^^^^^^^^^^^^^^^^^^^^
  File "C:\Users\denve\AppData\Local\Programs\Python\Python313\Lib\site-packages\aiohttp\connector.py", line 1611, in _create_direct_connection
    raise last_exc
  File "C:\Users\denve\AppData\Local\Programs\Python\Python313\Lib\site-packages\aiohttp\connector.py", line 1580, in _create_direct_connection
    transp, proto = await self._wrap_create_connection(
                    ^^^^^^^^^^^^^^^^^^^^^^^^^^^^^^^^^^^
    ...<7 lines>...
    )
    ^
  File "C:\Users\denve\AppData\Local\Programs\Python\Python313\Lib\site-packages\aiohttp\connector.py", line 1321, in _wrap_create_connection
    raise client_error(req.connection_key, exc) from exc
aiohttp.client_exceptions.ClientConnectorError: Cannot connect to host cloud.solodcdn.com:443 ssl:default [The specified network name is no longer available]

The above exception was the direct cause of the following exception:

Traceback (most recent call last):
  File "C:\Users\denve\AppData\Local\Programs\Python\Python313\Lib\site-packages\discord\app_commands\tree.py", line 1310, in _call
    await command._invoke_with_namespace(interaction, namespace)
  File "C:\Users\denve\AppData\Local\Programs\Python\Python313\Lib\site-packages\discord\app_commands\commands.py", line 883, in _invoke_with_namespace
    return await self._do_call(interaction, transformed_values)
           ^^^^^^^^^^^^^^^^^^^^^^^^^^^^^^^^^^^^^^^^^^^^^^^^^^^^
  File "C:\Users\denve\AppData\Local\Programs\Python\Python313\Lib\site-packages\discord\app_commands\commands.py", line 876, in _do_call
    raise CommandInvokeError(self, e) from e
discord.app_commands.errors.CommandInvokeError: Command 'animeadd' raised an exception: ClientConnectorError: Cannot connect to host cloud.solodcdn.com:443 ssl:default [The specified network name is no longer available]
2026-04-04 15:12:13,938 [WARNING] Privileged message content intent is missing, commands may not work as expected.
2026-04-04 15:12:13,938 [INFO] logging in using static token
2026-04-04 15:12:14,879 [INFO] Slash-команды на сервере 1393405246880878693 (5): ['animeadd', 'connectmyanimelist', 'rateanime', 'checkanimelist', 'checkduplicates']
2026-04-04 15:12:15,638 [INFO] Shard ID None has connected to Gateway (Session ID: 9ebb9e73d8b3d571dec683b9996e8380).
2026-04-04 15:12:17,649 [INFO] Бот онлайн: YTWUTSHYBOT#7255 (1472748937952755940)
2026-04-04 15:12:22,601 [ERROR] Ignoring exception in command 'animeadd'
Traceback (most recent call last):
  File "C:\Users\denve\AppData\Local\Programs\Python\Python313\Lib\site-packages\discord\app_commands\commands.py", line 858, in _do_call
    return await self._callback(interaction, **params)  # type: ignore
           ^^^^^^^^^^^^^^^^^^^^^^^^^^^^^^^^^^^^^^^^^^^
  File "C:\Users\denve\OneDrive\Desktop\yummyani-discord-bot - Copy (2)\bot.py", line 1301, in animeadd
    thread, _starter, err = await create_yummy_forum_thread(
                            ^^^^^^^^^^^^^^^^^^^^^^^^^^^^^^^^
        ch, bot.session, info, uid, mal_id=None
        ^^^^^^^^^^^^^^^^^^^^^^^^^^^^^^^^^^^^^^^
    )
    ^
  File "C:\Users\denve\OneDrive\Desktop\yummyani-discord-bot - Copy (2)\bot.py", line 875, in create_yummy_forum_thread
    await register_anime_topic_entry(
    ...<8 lines>...
    )
  File "C:\Users\denve\OneDrive\Desktop\yummyani-discord-bot - Copy (2)\bot.py", line 736, in register_anime_topic_entry
    _write_state(data)
    ~~~~~~~~~~~~^^^^^^
  File "C:\Users\denve\OneDrive\Desktop\yummyani-discord-bot - Copy (2)\bot.py", line 419, in _write_state
    tmp.replace(STATE_PATH)
    ~~~~~~~~~~~^^^^^^^^^^^^
  File "C:\Users\denve\AppData\Local\Programs\Python\Python313\Lib\pathlib\_local.py", line 780, in replace
    os.replace(self, target)
    ~~~~~~~~~~^^^^^^^^^^^^^^
PermissionError: [WinError 5] Access is denied: 'C:\\Users\\denve\\OneDrive\\Desktop\\yummyani-discord-bot - Copy (2)\\data\\mal_state.json.tmp' -> 'C:\\Users\\denve\\OneDrive\\Desktop\\yummyani-discord-bot - Copy (2)\\data\\mal_state.json'

The above exception was the direct cause of the following exception:

Traceback (most recent call last):
  File "C:\Users\denve\AppData\Local\Programs\Python\Python313\Lib\site-packages\discord\app_commands\tree.py", line 1310, in _call
    await command._invoke_with_namespace(interaction, namespace)
  File "C:\Users\denve\AppData\Local\Programs\Python\Python313\Lib\site-packages\discord\app_commands\commands.py", line 883, in _invoke_with_namespace
    return await self._do_call(interaction, transformed_values)
           ^^^^^^^^^^^^^^^^^^^^^^^^^^^^^^^^^^^^^^^^^^^^^^^^^^^^
  File "C:\Users\denve\AppData\Local\Programs\Python\Python313\Lib\site-packages\discord\app_commands\commands.py", line 876, in _do_call
    raise CommandInvokeError(self, e) from e
discord.app_commands.errors.CommandInvokeError: Command 'animeadd' raised an exception: PermissionError: [WinError 5] Access is denied: 'C:\\Users\\denve\\OneDrive\\Desktop\\yummyani-discord-bot - Copy (2)\\data\\mal_state.json.tmp' -> 'C:\\Users\\denve\\OneDrive\\Desktop\\yummyani-discord-bot - Copy (2)\\data\\mal_state.json'
2026-04-04 17:39:29,109 [WARNING] Соединение с Discord разорвано (on_disconnect).
2026-04-04 17:39:29,423 [INFO] Shard ID None has successfully RESUMED session 9ebb9e73d8b3d571dec683b9996e8380.
2026-04-04 18:37:48,169 [WARNING] Соединение с Discord разорвано (on_disconnect).
2026-04-04 18:37:48,515 [INFO] Shard ID None has successfully RESUMED session 9ebb9e73d8b3d571dec683b9996e8380.
2026-04-04 19:11:30,449 [WARNING] Соединение с Discord разорвано (on_disconnect).
2026-04-04 19:11:30,755 [INFO] Shard ID None has successfully RESUMED session 9ebb9e73d8b3d571dec683b9996e8380.
2026-04-04 21:40:18,843 [WARNING] Privileged message content intent is missing, commands may not work as expected.
2026-04-04 21:40:18,844 [INFO] logging in using static token
2026-04-04 21:40:19,764 [INFO] Slash-команды на сервере 1393405246880878693 (7): ['animeadd', 'connectmyanimelist', 'rateanime', 'checkanimelist', 'myanimelist', 'update_topics', 'checkduplicates']
2026-04-04 21:40:20,520 [INFO] Shard ID None has connected to Gateway (Session ID: a5375e43fc046febdc4beb064fc0ecb5).
2026-04-04 21:40:22,545 [INFO] Бот онлайн: YTWUTSHYBOT#7255 (1472748937952755940)
2026-04-04 21:41:06,719 [ERROR] Ignoring exception in command 'myanimelist'
Traceback (most recent call last):
  File "C:\Users\denve\AppData\Local\Programs\Python\Python313\Lib\site-packages\discord\app_commands\commands.py", line 858, in _do_call
    return await self._callback(interaction, **params)  # type: ignore
           ^^^^^^^^^^^^^^^^^^^^^^^^^^^^^^^^^^^^^^^^^^^
  File "C:\Users\denve\OneDrive\Desktop\yummyani-discord-bot - Copy (2)\bot.py", line 2140, in myanimelist
    scanned, updated = await sync_forum_threads_with_state(
                       ^^^^^^^^^^^^^^^^^^^^^^^^^^^^^^^^^^^^
        bot, interaction.guild, bot.session if bot.session else None
        ^^^^^^^^^^^^^^^^^^^^^^^^^^^^^^^^^^^^^^^^^^^^^^^^^^^^^^^^^^^^
    )
    ^
  File "C:\Users\denve\OneDrive\Desktop\yummyani-discord-bot - Copy (2)\bot.py", line 996, in sync_forum_threads_with_state
    await one(th)
  File "C:\Users\denve\OneDrive\Desktop\yummyani-discord-bot - Copy (2)\bot.py", line 992, in one
    if await _ingest_forum_thread_from_discord(client, forum, th, session):
       ^^^^^^^^^^^^^^^^^^^^^^^^^^^^^^^^^^^^^^^^^^^^^^^^^^^^^^^^^^^^^^^^^^^
  File "C:\Users\denve\OneDrive\Desktop\yummyani-discord-bot - Copy (2)\bot.py", line 962, in _ingest_forum_thread_from_discord
    await register_thread_meta(
    ...<4 lines>...
    )
  File "C:\Users\denve\OneDrive\Desktop\yummyani-discord-bot - Copy (2)\bot.py", line 558, in register_thread_meta
    _write_state(data)
    ~~~~~~~~~~~~^^^^^^
  File "C:\Users\denve\OneDrive\Desktop\yummyani-discord-bot - Copy (2)\bot.py", line 466, in _write_state
    tmp.replace(STATE_PATH)
    ~~~~~~~~~~~^^^^^^^^^^^^
  File "C:\Users\denve\AppData\Local\Programs\Python\Python313\Lib\pathlib\_local.py", line 780, in replace
    os.replace(self, target)
    ~~~~~~~~~~^^^^^^^^^^^^^^
PermissionError: [WinError 5] Access is denied: 'C:\\Users\\denve\\OneDrive\\Desktop\\yummyani-discord-bot - Copy (2)\\data\\mal_state.json.tmp' -> 'C:\\Users\\denve\\OneDrive\\Desktop\\yummyani-discord-bot - Copy (2)\\data\\mal_state.json'

The above exception was the direct cause of the following exception:

Traceback (most recent call last):
  File "C:\Users\denve\AppData\Local\Programs\Python\Python313\Lib\site-packages\discord\app_commands\tree.py", line 1310, in _call
    await command._invoke_with_namespace(interaction, namespace)
  File "C:\Users\denve\AppData\Local\Programs\Python\Python313\Lib\site-packages\discord\app_commands\commands.py", line 883, in _invoke_with_namespace
    return await self._do_call(interaction, transformed_values)
           ^^^^^^^^^^^^^^^^^^^^^^^^^^^^^^^^^^^^^^^^^^^^^^^^^^^^
  File "C:\Users\denve\AppData\Local\Programs\Python\Python313\Lib\site-packages\discord\app_commands\commands.py", line 876, in _do_call
    raise CommandInvokeError(self, e) from e
discord.app_commands.errors.CommandInvokeError: Command 'myanimelist' raised an exception: PermissionError: [WinError 5] Access is denied: 'C:\\Users\\denve\\OneDrive\\Desktop\\yummyani-discord-bot - Copy (2)\\data\\mal_state.json.tmp' -> 'C:\\Users\\denve\\OneDrive\\Desktop\\yummyani-discord-bot - Copy (2)\\data\\mal_state.json'
2026-04-04 21:41:36,761 [ERROR] update_topics: ветка 1489966458430820483
Traceback (most recent call last):
  File "C:\Users\denve\OneDrive\Desktop\yummyani-discord-bot - Copy (2)\bot.py", line 2202, in run
    await repair_single_forum_thread(
        bot, forum, th, bot.session if bot.session else None
    )
  File "C:\Users\denve\OneDrive\Desktop\yummyani-discord-bot - Copy (2)\bot.py", line 1059, in repair_single_forum_thread
    await _ingest_forum_thread_from_discord(client, forum, thread, session)
  File "C:\Users\denve\OneDrive\Desktop\yummyani-discord-bot - Copy (2)\bot.py", line 962, in _ingest_forum_thread_from_discord
    await register_thread_meta(
    ...<4 lines>...
    )
  File "C:\Users\denve\OneDrive\Desktop\yummyani-discord-bot - Copy (2)\bot.py", line 558, in register_thread_meta
    _write_state(data)
    ~~~~~~~~~~~~^^^^^^
  File "C:\Users\denve\OneDrive\Desktop\yummyani-discord-bot - Copy (2)\bot.py", line 466, in _write_state
    tmp.replace(STATE_PATH)
    ~~~~~~~~~~~^^^^^^^^^^^^
  File "C:\Users\denve\AppData\Local\Programs\Python\Python313\Lib\pathlib\_local.py", line 780, in replace
    os.replace(self, target)
    ~~~~~~~~~~^^^^^^^^^^^^^^
PermissionError: [WinError 5] Access is denied: 'C:\\Users\\denve\\OneDrive\\Desktop\\yummyani-discord-bot - Copy (2)\\data\\mal_state.json.tmp' -> 'C:\\Users\\denve\\OneDrive\\Desktop\\yummyani-discord-bot - Copy (2)\\data\\mal_state.json'
